<?xml version="1.0" encoding="UTF-8"?>
<!-- Generated by org.testng.reporters.JUnitReportReporter -->
<testsuite skipped="0" hostname="GISBIZ-LTP-85" name="reportsTestday6.CreateLead" tests="3" failures="0" timestamp="17 Aug 2018 13:06:00 GMT" time="46.510" errors="0">
  <testcase name="createLead" time="17.759" classname="reportsTestday6.CreateLead"/>
  <testcase name="createLead" time="14.606" classname="reportsTestday6.CreateLead"/>
  <testcase name="createLead" time="14.145" classname="reportsTestday6.CreateLead"/>
</testsuite> <!-- reportsTestday6.CreateLead -->
