<?xml version="1.0" encoding="UTF-8"?>
<!-- Generated by org.testng.reporters.JUnitReportReporter -->
<testsuite skipped="0" hostname="GISBIZ-LTP-85" name="reportsTestday6.CreateLead" tests="3" failures="0" timestamp="17 Aug 2018 16:53:20 GMT" time="77.762" errors="0">
  <testcase name="createLead" time="29.307" classname="reportsTestday6.CreateLead"/>
  <testcase name="createLead" time="24.010" classname="reportsTestday6.CreateLead"/>
  <testcase name="createLead" time="24.445" classname="reportsTestday6.CreateLead"/>
</testsuite> <!-- reportsTestday6.CreateLead -->
