<?xml version="1.0" encoding="UTF-8"?>
<!-- Generated by org.testng.reporters.JUnitReportReporter -->
<testsuite skipped="0" hostname="GISBIZ-LTP-85" name="reportsTestday6.EditLead" tests="1" failures="0" timestamp="17 Aug 2018 16:53:20 GMT" time="28.663" errors="0">
  <testcase name="EditLeadTest" time="28.663" classname="reportsTestday6.EditLead"/>
</testsuite> <!-- reportsTestday6.EditLead -->
